2012-06-05 09:51:33 Error: [MissingControllerException] Controller class JsController could not be found.
#0 /Users/jamie/Projects/imrg_team/app/webroot/index.php(92): Dispatcher->dispatch(Object(CakeRequest), Object(CakeResponse))
#1 {main}
2012-06-05 09:51:33 Error: [MissingControllerException] Controller class JsController could not be found.
#0 /Users/jamie/Projects/imrg_team/app/webroot/index.php(92): Dispatcher->dispatch(Object(CakeRequest), Object(CakeResponse))
#1 {main}
2012-06-05 09:51:33 Error: [MissingControllerException] Controller class JsController could not be found.
#0 /Users/jamie/Projects/imrg_team/app/webroot/index.php(92): Dispatcher->dispatch(Object(CakeRequest), Object(CakeResponse))
#1 {main}
2012-06-05 09:51:33 Error: [MissingControllerException] Controller class JsController could not be found.
#0 /Users/jamie/Projects/imrg_team/app/webroot/index.php(92): Dispatcher->dispatch(Object(CakeRequest), Object(CakeResponse))
#1 {main}
2012-06-05 09:51:33 Error: [MissingControllerException] Controller class JsController could not be found.
#0 /Users/jamie/Projects/imrg_team/app/webroot/index.php(92): Dispatcher->dispatch(Object(CakeRequest), Object(CakeResponse))
#1 {main}
2012-06-05 09:51:33 Error: [MissingControllerException] Controller class JsController could not be found.
#0 /Users/jamie/Projects/imrg_team/app/webroot/index.php(92): Dispatcher->dispatch(Object(CakeRequest), Object(CakeResponse))
#1 {main}
2012-06-05 09:51:33 Error: [MissingControllerException] Controller class JsController could not be found.
#0 /Users/jamie/Projects/imrg_team/app/webroot/index.php(92): Dispatcher->dispatch(Object(CakeRequest), Object(CakeResponse))
#1 {main}
2012-06-05 09:51:33 Error: [MissingControllerException] Controller class JsController could not be found.
#0 /Users/jamie/Projects/imrg_team/app/webroot/index.php(92): Dispatcher->dispatch(Object(CakeRequest), Object(CakeResponse))
#1 {main}
2012-06-05 09:51:33 Error: [MissingControllerException] Controller class JsController could not be found.
#0 /Users/jamie/Projects/imrg_team/app/webroot/index.php(92): Dispatcher->dispatch(Object(CakeRequest), Object(CakeResponse))
#1 {main}
2012-06-05 09:51:33 Error: [MissingControllerException] Controller class JsController could not be found.
#0 /Users/jamie/Projects/imrg_team/app/webroot/index.php(92): Dispatcher->dispatch(Object(CakeRequest), Object(CakeResponse))
#1 {main}
2012-06-05 09:51:33 Error: [MissingControllerException] Controller class JsController could not be found.
#0 /Users/jamie/Projects/imrg_team/app/webroot/index.php(92): Dispatcher->dispatch(Object(CakeRequest), Object(CakeResponse))
#1 {main}
2012-06-05 09:51:34 Error: [MissingControllerException] Controller class JsController could not be found.
#0 /Users/jamie/Projects/imrg_team/app/webroot/index.php(92): Dispatcher->dispatch(Object(CakeRequest), Object(CakeResponse))
#1 {main}
2012-06-05 09:51:34 Error: [MissingControllerException] Controller class JsController could not be found.
#0 /Users/jamie/Projects/imrg_team/app/webroot/index.php(92): Dispatcher->dispatch(Object(CakeRequest), Object(CakeResponse))
#1 {main}
2012-06-05 09:51:34 Error: [MissingControllerException] Controller class JsController could not be found.
#0 /Users/jamie/Projects/imrg_team/app/webroot/index.php(92): Dispatcher->dispatch(Object(CakeRequest), Object(CakeResponse))
#1 {main}
2012-06-05 09:51:34 Error: [MissingControllerException] Controller class JsController could not be found.
#0 /Users/jamie/Projects/imrg_team/app/webroot/index.php(92): Dispatcher->dispatch(Object(CakeRequest), Object(CakeResponse))
#1 {main}
2012-06-05 09:51:34 Error: [MissingControllerException] Controller class JsController could not be found.
#0 /Users/jamie/Projects/imrg_team/app/webroot/index.php(92): Dispatcher->dispatch(Object(CakeRequest), Object(CakeResponse))
#1 {main}
2012-06-05 09:51:35 Error: [MissingControllerException] Controller class JsController could not be found.
#0 /Users/jamie/Projects/imrg_team/app/webroot/index.php(92): Dispatcher->dispatch(Object(CakeRequest), Object(CakeResponse))
#1 {main}
2012-06-05 09:51:35 Error: [MissingControllerException] Controller class JsController could not be found.
#0 /Users/jamie/Projects/imrg_team/app/webroot/index.php(92): Dispatcher->dispatch(Object(CakeRequest), Object(CakeResponse))
#1 {main}
2012-06-05 09:51:35 Error: [MissingControllerException] Controller class JsController could not be found.
#0 /Users/jamie/Projects/imrg_team/app/webroot/index.php(92): Dispatcher->dispatch(Object(CakeRequest), Object(CakeResponse))
#1 {main}
2012-06-05 09:51:35 Error: [MissingControllerException] Controller class JsController could not be found.
#0 /Users/jamie/Projects/imrg_team/app/webroot/index.php(92): Dispatcher->dispatch(Object(CakeRequest), Object(CakeResponse))
#1 {main}
2012-06-05 09:51:35 Error: [MissingControllerException] Controller class JsController could not be found.
#0 /Users/jamie/Projects/imrg_team/app/webroot/index.php(92): Dispatcher->dispatch(Object(CakeRequest), Object(CakeResponse))
#1 {main}
2012-06-05 09:51:35 Error: [MissingControllerException] Controller class JsController could not be found.
#0 /Users/jamie/Projects/imrg_team/app/webroot/index.php(92): Dispatcher->dispatch(Object(CakeRequest), Object(CakeResponse))
#1 {main}
2012-06-05 09:51:35 Error: [MissingControllerException] Controller class JsController could not be found.
#0 /Users/jamie/Projects/imrg_team/app/webroot/index.php(92): Dispatcher->dispatch(Object(CakeRequest), Object(CakeResponse))
#1 {main}
2012-06-05 09:54:22 Error: [MissingControllerException] Controller class JsController could not be found.
#0 /Users/jamie/Projects/imrg_team/app/webroot/index.php(92): Dispatcher->dispatch(Object(CakeRequest), Object(CakeResponse))
#1 {main}
2012-06-05 09:54:22 Error: [MissingControllerException] Controller class JsController could not be found.
#0 /Users/jamie/Projects/imrg_team/app/webroot/index.php(92): Dispatcher->dispatch(Object(CakeRequest), Object(CakeResponse))
#1 {main}
2012-06-05 09:54:22 Error: [MissingControllerException] Controller class JsController could not be found.
#0 /Users/jamie/Projects/imrg_team/app/webroot/index.php(92): Dispatcher->dispatch(Object(CakeRequest), Object(CakeResponse))
#1 {main}
2012-06-05 09:54:22 Error: [MissingControllerException] Controller class JsController could not be found.
#0 /Users/jamie/Projects/imrg_team/app/webroot/index.php(92): Dispatcher->dispatch(Object(CakeRequest), Object(CakeResponse))
#1 {main}
2012-06-05 09:54:22 Error: [MissingControllerException] Controller class JsController could not be found.
#0 /Users/jamie/Projects/imrg_team/app/webroot/index.php(92): Dispatcher->dispatch(Object(CakeRequest), Object(CakeResponse))
#1 {main}
2012-06-05 09:54:22 Error: [MissingControllerException] Controller class JsController could not be found.
#0 /Users/jamie/Projects/imrg_team/app/webroot/index.php(92): Dispatcher->dispatch(Object(CakeRequest), Object(CakeResponse))
#1 {main}
2012-06-05 09:54:22 Error: [MissingControllerException] Controller class JsController could not be found.
#0 /Users/jamie/Projects/imrg_team/app/webroot/index.php(92): Dispatcher->dispatch(Object(CakeRequest), Object(CakeResponse))
#1 {main}
2012-06-05 09:54:22 Error: [MissingControllerException] Controller class JsController could not be found.
#0 /Users/jamie/Projects/imrg_team/app/webroot/index.php(92): Dispatcher->dispatch(Object(CakeRequest), Object(CakeResponse))
#1 {main}
2012-06-05 09:54:22 Error: [MissingControllerException] Controller class CssController could not be found.
#0 /Users/jamie/Projects/imrg_team/app/webroot/index.php(92): Dispatcher->dispatch(Object(CakeRequest), Object(CakeResponse))
#1 {main}
2012-06-05 09:54:23 Error: [MissingControllerException] Controller class JsController could not be found.
#0 /Users/jamie/Projects/imrg_team/app/webroot/index.php(92): Dispatcher->dispatch(Object(CakeRequest), Object(CakeResponse))
#1 {main}
2012-06-05 09:54:23 Error: [MissingControllerException] Controller class JsController could not be found.
#0 /Users/jamie/Projects/imrg_team/app/webroot/index.php(92): Dispatcher->dispatch(Object(CakeRequest), Object(CakeResponse))
#1 {main}
2012-06-05 09:54:23 Error: [MissingControllerException] Controller class JsController could not be found.
#0 /Users/jamie/Projects/imrg_team/app/webroot/index.php(92): Dispatcher->dispatch(Object(CakeRequest), Object(CakeResponse))
#1 {main}
2012-06-05 09:54:23 Error: [MissingControllerException] Controller class JsController could not be found.
#0 /Users/jamie/Projects/imrg_team/app/webroot/index.php(92): Dispatcher->dispatch(Object(CakeRequest), Object(CakeResponse))
#1 {main}
2012-06-05 09:54:23 Error: [MissingControllerException] Controller class JsController could not be found.
#0 /Users/jamie/Projects/imrg_team/app/webroot/index.php(92): Dispatcher->dispatch(Object(CakeRequest), Object(CakeResponse))
#1 {main}
2012-06-05 09:54:23 Error: [MissingControllerException] Controller class JsController could not be found.
#0 /Users/jamie/Projects/imrg_team/app/webroot/index.php(92): Dispatcher->dispatch(Object(CakeRequest), Object(CakeResponse))
#1 {main}
2012-06-05 09:54:23 Error: [MissingControllerException] Controller class JsController could not be found.
#0 /Users/jamie/Projects/imrg_team/app/webroot/index.php(92): Dispatcher->dispatch(Object(CakeRequest), Object(CakeResponse))
#1 {main}
2012-06-05 09:54:23 Error: [MissingControllerException] Controller class JsController could not be found.
#0 /Users/jamie/Projects/imrg_team/app/webroot/index.php(92): Dispatcher->dispatch(Object(CakeRequest), Object(CakeResponse))
#1 {main}
2012-06-05 09:54:23 Error: [MissingControllerException] Controller class JsController could not be found.
#0 /Users/jamie/Projects/imrg_team/app/webroot/index.php(92): Dispatcher->dispatch(Object(CakeRequest), Object(CakeResponse))
#1 {main}
2012-06-05 09:54:23 Error: [MissingControllerException] Controller class JsController could not be found.
#0 /Users/jamie/Projects/imrg_team/app/webroot/index.php(92): Dispatcher->dispatch(Object(CakeRequest), Object(CakeResponse))
#1 {main}
2012-06-05 09:54:23 Error: [MissingControllerException] Controller class JsController could not be found.
#0 /Users/jamie/Projects/imrg_team/app/webroot/index.php(92): Dispatcher->dispatch(Object(CakeRequest), Object(CakeResponse))
#1 {main}
2012-06-05 09:54:23 Error: [MissingControllerException] Controller class JsController could not be found.
#0 /Users/jamie/Projects/imrg_team/app/webroot/index.php(92): Dispatcher->dispatch(Object(CakeRequest), Object(CakeResponse))
#1 {main}
2012-06-05 09:54:23 Error: [MissingControllerException] Controller class JsController could not be found.
#0 /Users/jamie/Projects/imrg_team/app/webroot/index.php(92): Dispatcher->dispatch(Object(CakeRequest), Object(CakeResponse))
#1 {main}
2012-06-05 09:54:23 Error: [MissingControllerException] Controller class JsController could not be found.
#0 /Users/jamie/Projects/imrg_team/app/webroot/index.php(92): Dispatcher->dispatch(Object(CakeRequest), Object(CakeResponse))
#1 {main}
2012-06-05 09:54:23 Error: [MissingControllerException] Controller class JsController could not be found.
#0 /Users/jamie/Projects/imrg_team/app/webroot/index.php(92): Dispatcher->dispatch(Object(CakeRequest), Object(CakeResponse))
#1 {main}
2012-06-05 10:04:44 Error: [MissingControllerException] Controller class AssetsController could not be found.
#0 /Users/jamie/Projects/imrg_team/app/webroot/index.php(92): Dispatcher->dispatch(Object(CakeRequest), Object(CakeResponse))
#1 {main}
2012-06-05 10:04:44 Error: [MissingControllerException] Controller class AssetsController could not be found.
#0 /Users/jamie/Projects/imrg_team/app/webroot/index.php(92): Dispatcher->dispatch(Object(CakeRequest), Object(CakeResponse))
#1 {main}
2012-06-05 10:04:44 Error: [MissingControllerException] Controller class AssetsController could not be found.
#0 /Users/jamie/Projects/imrg_team/app/webroot/index.php(92): Dispatcher->dispatch(Object(CakeRequest), Object(CakeResponse))
#1 {main}
2012-06-05 10:19:40 Error: [MissingControllerException] Controller class AssetsController could not be found.
#0 /Users/jamie/Projects/imrg_team/app/webroot/index.php(92): Dispatcher->dispatch(Object(CakeRequest), Object(CakeResponse))
#1 {main}
2012-06-05 10:21:41 Error: [MissingControllerException] Controller class AssetsController could not be found.
#0 /Users/jamie/Projects/imrg_team/app/webroot/index.php(92): Dispatcher->dispatch(Object(CakeRequest), Object(CakeResponse))
#1 {main}
2012-06-05 10:26:27 Error: [MissingControllerException] Controller class AssetsController could not be found.
#0 /Users/jamie/Projects/imrg_team/app/webroot/index.php(92): Dispatcher->dispatch(Object(CakeRequest), Object(CakeResponse))
#1 {main}
2012-06-05 10:28:01 Error: [MissingControllerException] Controller class AssetsController could not be found.
#0 /Users/jamie/Projects/imrg_team/app/webroot/index.php(92): Dispatcher->dispatch(Object(CakeRequest), Object(CakeResponse))
#1 {main}
2012-06-05 10:31:00 Error: [MissingControllerException] Controller class AssetsController could not be found.
#0 /Users/jamie/Projects/imrg_team/app/webroot/index.php(92): Dispatcher->dispatch(Object(CakeRequest), Object(CakeResponse))
#1 {main}
2012-06-05 10:31:43 Error: [MissingControllerException] Controller class AssetsController could not be found.
#0 /Users/jamie/Projects/imrg_team/app/webroot/index.php(92): Dispatcher->dispatch(Object(CakeRequest), Object(CakeResponse))
#1 {main}
2012-06-05 13:44:43 Error: [MissingControllerException] Controller class AssetsController could not be found.
#0 /Users/jamie/Projects/imrg_team/app/webroot/index.php(92): Dispatcher->dispatch(Object(CakeRequest), Object(CakeResponse))
#1 {main}
2012-06-05 13:46:13 Error: [MissingControllerException] Controller class AssetsController could not be found.
#0 /Users/jamie/Projects/imrg_team/app/webroot/index.php(92): Dispatcher->dispatch(Object(CakeRequest), Object(CakeResponse))
#1 {main}
2012-06-05 13:47:21 Error: [MissingControllerException] Controller class AssetsController could not be found.
#0 /Users/jamie/Projects/imrg_team/app/webroot/index.php(92): Dispatcher->dispatch(Object(CakeRequest), Object(CakeResponse))
#1 {main}
2012-06-05 13:48:29 Error: [MissingControllerException] Controller class AssetsController could not be found.
#0 /Users/jamie/Projects/imrg_team/app/webroot/index.php(92): Dispatcher->dispatch(Object(CakeRequest), Object(CakeResponse))
#1 {main}
2012-06-05 13:49:09 Error: [MissingControllerException] Controller class AssetsController could not be found.
#0 /Users/jamie/Projects/imrg_team/app/webroot/index.php(92): Dispatcher->dispatch(Object(CakeRequest), Object(CakeResponse))
#1 {main}
2012-06-05 13:49:22 Error: [MissingControllerException] Controller class AssetsController could not be found.
#0 /Users/jamie/Projects/imrg_team/app/webroot/index.php(92): Dispatcher->dispatch(Object(CakeRequest), Object(CakeResponse))
#1 {main}
2012-06-05 13:51:09 Error: [MissingControllerException] Controller class AssetsController could not be found.
#0 /Users/jamie/Projects/imrg_team/app/webroot/index.php(92): Dispatcher->dispatch(Object(CakeRequest), Object(CakeResponse))
#1 {main}
2012-06-05 13:52:04 Error: [MissingControllerException] Controller class AssetsController could not be found.
#0 /Users/jamie/Projects/imrg_team/app/webroot/index.php(92): Dispatcher->dispatch(Object(CakeRequest), Object(CakeResponse))
#1 {main}
2012-06-05 13:54:09 Error: [MissingControllerException] Controller class AssetsController could not be found.
#0 /Users/jamie/Projects/imrg_team/app/webroot/index.php(92): Dispatcher->dispatch(Object(CakeRequest), Object(CakeResponse))
#1 {main}
2012-06-05 13:54:54 Error: [MissingControllerException] Controller class AssetsController could not be found.
#0 /Users/jamie/Projects/imrg_team/app/webroot/index.php(92): Dispatcher->dispatch(Object(CakeRequest), Object(CakeResponse))
#1 {main}
2012-06-05 13:57:10 Error: [MissingControllerException] Controller class AssetsController could not be found.
#0 /Users/jamie/Projects/imrg_team/app/webroot/index.php(92): Dispatcher->dispatch(Object(CakeRequest), Object(CakeResponse))
#1 {main}
2012-06-05 13:57:18 Error: [MissingControllerException] Controller class AssetsController could not be found.
#0 /Users/jamie/Projects/imrg_team/app/webroot/index.php(92): Dispatcher->dispatch(Object(CakeRequest), Object(CakeResponse))
#1 {main}
2012-06-05 13:57:31 Error: [MissingControllerException] Controller class AssetsController could not be found.
#0 /Users/jamie/Projects/imrg_team/app/webroot/index.php(92): Dispatcher->dispatch(Object(CakeRequest), Object(CakeResponse))
#1 {main}
2012-06-05 14:00:50 Error: [MissingControllerException] Controller class AssetsController could not be found.
#0 /Users/jamie/Projects/imrg_team/app/webroot/index.php(92): Dispatcher->dispatch(Object(CakeRequest), Object(CakeResponse))
#1 {main}
2012-06-05 14:04:08 Error: [MissingControllerException] Controller class AssetsController could not be found.
#0 /Users/jamie/Projects/imrg_team/app/webroot/index.php(92): Dispatcher->dispatch(Object(CakeRequest), Object(CakeResponse))
#1 {main}
2012-06-05 14:04:34 Error: [PDOException] SQLSTATE[42S22]: Column not found: 1054 Unknown column 'CommitteesPerson.person_id' in 'where clause'
#0 /Users/jamie/Projects/imrg_team/lib/Cake/Model/Datasource/DboSource.php(437): PDOStatement->execute(Array)
#1 /Users/jamie/Projects/imrg_team/lib/Cake/Model/Datasource/DboSource.php(403): DboSource->_execute('SELECT `Committ...', Array)
#2 /Users/jamie/Projects/imrg_team/lib/Cake/Model/Datasource/DboSource.php(647): DboSource->execute('SELECT `Committ...', Array, Array)
#3 /Users/jamie/Projects/imrg_team/lib/Cake/Model/Datasource/DboSource.php(1058): DboSource->fetchAll('SELECT `Committ...', false)
#4 /Users/jamie/Projects/imrg_team/lib/Cake/Model/Model.php(2698): DboSource->read(Object(AppModel), Array)
#5 /Users/jamie/Projects/imrg_team/lib/Cake/Model/Model.php(1838): Model->find('all', Array)
#6 /Users/jamie/Projects/imrg_team/lib/Cake/Model/Model.php(1734): Model->_saveMulti(Array, '1', Object(Mysql))
#7 /Users/jamie/Projects/imrg_team/app/Controller/PeopleController.php(43): Model->save(Array)
#8 [internal function]: PeopleController->add()
#9 /Users/jamie/Projects/imrg_team/lib/Cake/Controller/Controller.php(485): ReflectionMethod->invokeArgs(Object(PeopleController), Array)
#10 /Users/jamie/Projects/imrg_team/lib/Cake/Routing/Dispatcher.php(103): Controller->invokeAction(Object(CakeRequest))
#11 /Users/jamie/Projects/imrg_team/lib/Cake/Routing/Dispatcher.php(85): Dispatcher->_invoke(Object(PeopleController), Object(CakeRequest), Object(CakeResponse))
#12 /Users/jamie/Projects/imrg_team/app/webroot/index.php(92): Dispatcher->dispatch(Object(CakeRequest), Object(CakeResponse))
#13 {main}
2012-06-05 14:04:35 Error: [MissingControllerException] Controller class AssetsController could not be found.
#0 /Users/jamie/Projects/imrg_team/app/webroot/index.php(92): Dispatcher->dispatch(Object(CakeRequest), Object(CakeResponse))
#1 {main}
2012-06-05 14:08:17 Error: [PDOException] SQLSTATE[42S22]: Column not found: 1054 Unknown column 'PeopleTeam.id' in 'field list'
#0 /Users/jamie/Projects/imrg_team/lib/Cake/Model/Datasource/DboSource.php(437): PDOStatement->execute(Array)
#1 /Users/jamie/Projects/imrg_team/lib/Cake/Model/Datasource/DboSource.php(403): DboSource->_execute('SELECT `PeopleT...', Array)
#2 /Users/jamie/Projects/imrg_team/lib/Cake/Model/Datasource/DboSource.php(647): DboSource->execute('SELECT `PeopleT...', Array, Array)
#3 /Users/jamie/Projects/imrg_team/lib/Cake/Model/Datasource/DboSource.php(1058): DboSource->fetchAll('SELECT `PeopleT...', false)
#4 /Users/jamie/Projects/imrg_team/lib/Cake/Model/Model.php(2698): DboSource->read(Object(AppModel), Array)
#5 /Users/jamie/Projects/imrg_team/lib/Cake/Model/Model.php(2527): Model->find('all', Array)
#6 /Users/jamie/Projects/imrg_team/lib/Cake/Model/Model.php(2430): Model->_deleteLinks('2')
#7 /Users/jamie/Projects/imrg_team/app/Controller/PeopleController.php(95): Model->delete()
#8 [internal function]: PeopleController->delete('2')
#9 /Users/jamie/Projects/imrg_team/lib/Cake/Controller/Controller.php(485): ReflectionMethod->invokeArgs(Object(PeopleController), Array)
#10 /Users/jamie/Projects/imrg_team/lib/Cake/Routing/Dispatcher.php(103): Controller->invokeAction(Object(CakeRequest))
#11 /Users/jamie/Projects/imrg_team/lib/Cake/Routing/Dispatcher.php(85): Dispatcher->_invoke(Object(PeopleController), Object(CakeRequest), Object(CakeResponse))
#12 /Users/jamie/Projects/imrg_team/app/webroot/index.php(92): Dispatcher->dispatch(Object(CakeRequest), Object(CakeResponse))
#13 {main}
2012-06-05 14:08:17 Error: [MissingActionException] Action PeopleController::assets() could not be found.
#0 /Users/jamie/Projects/imrg_team/lib/Cake/Routing/Dispatcher.php(103): Controller->invokeAction(Object(CakeRequest))
#1 /Users/jamie/Projects/imrg_team/lib/Cake/Routing/Dispatcher.php(85): Dispatcher->_invoke(Object(PeopleController), Object(CakeRequest), Object(CakeResponse))
#2 /Users/jamie/Projects/imrg_team/app/webroot/index.php(92): Dispatcher->dispatch(Object(CakeRequest), Object(CakeResponse))
#3 {main}
2012-06-05 14:08:18 Error: [MissingActionException] Action PeopleController::assets() could not be found.
#0 /Users/jamie/Projects/imrg_team/lib/Cake/Routing/Dispatcher.php(103): Controller->invokeAction(Object(CakeRequest))
#1 /Users/jamie/Projects/imrg_team/lib/Cake/Routing/Dispatcher.php(85): Dispatcher->_invoke(Object(PeopleController), Object(CakeRequest), Object(CakeResponse))
#2 /Users/jamie/Projects/imrg_team/app/webroot/index.php(92): Dispatcher->dispatch(Object(CakeRequest), Object(CakeResponse))
#3 {main}
2012-06-05 14:08:18 Error: [MissingActionException] Action PeopleController::assets() could not be found.
#0 /Users/jamie/Projects/imrg_team/lib/Cake/Routing/Dispatcher.php(103): Controller->invokeAction(Object(CakeRequest))
#1 /Users/jamie/Projects/imrg_team/lib/Cake/Routing/Dispatcher.php(85): Dispatcher->_invoke(Object(PeopleController), Object(CakeRequest), Object(CakeResponse))
#2 /Users/jamie/Projects/imrg_team/app/webroot/index.php(92): Dispatcher->dispatch(Object(CakeRequest), Object(CakeResponse))
#3 {main}
2012-06-05 14:11:17 Error: [MissingControllerException] Controller class AssetsController could not be found.
#0 /Users/jamie/Projects/imrg_team/app/webroot/index.php(92): Dispatcher->dispatch(Object(CakeRequest), Object(CakeResponse))
#1 {main}
2012-06-05 14:11:32 Error: [MissingControllerException] Controller class AssetsController could not be found.
#0 /Users/jamie/Projects/imrg_team/app/webroot/index.php(92): Dispatcher->dispatch(Object(CakeRequest), Object(CakeResponse))
#1 {main}
2012-06-05 14:12:33 Error: [MissingControllerException] Controller class AssetsController could not be found.
#0 /Users/jamie/Projects/imrg_team/app/webroot/index.php(92): Dispatcher->dispatch(Object(CakeRequest), Object(CakeResponse))
#1 {main}
2012-06-05 14:12:50 Error: [MissingActionException] Action PeopleController::assets() could not be found.
#0 /Users/jamie/Projects/imrg_team/lib/Cake/Routing/Dispatcher.php(103): Controller->invokeAction(Object(CakeRequest))
#1 /Users/jamie/Projects/imrg_team/lib/Cake/Routing/Dispatcher.php(85): Dispatcher->_invoke(Object(PeopleController), Object(CakeRequest), Object(CakeResponse))
#2 /Users/jamie/Projects/imrg_team/app/webroot/index.php(92): Dispatcher->dispatch(Object(CakeRequest), Object(CakeResponse))
#3 {main}
2012-06-05 14:16:21 Error: [MissingActionException] Action PeopleController::assets() could not be found.
#0 /Users/jamie/Projects/imrg_team/lib/Cake/Routing/Dispatcher.php(103): Controller->invokeAction(Object(CakeRequest))
#1 /Users/jamie/Projects/imrg_team/lib/Cake/Routing/Dispatcher.php(85): Dispatcher->_invoke(Object(PeopleController), Object(CakeRequest), Object(CakeResponse))
#2 /Users/jamie/Projects/imrg_team/app/webroot/index.php(92): Dispatcher->dispatch(Object(CakeRequest), Object(CakeResponse))
#3 {main}
2012-06-05 14:18:05 Error: [MissingActionException] Action PeopleController::assets() could not be found.
#0 /Users/jamie/Projects/imrg_team/lib/Cake/Routing/Dispatcher.php(103): Controller->invokeAction(Object(CakeRequest))
#1 /Users/jamie/Projects/imrg_team/lib/Cake/Routing/Dispatcher.php(85): Dispatcher->_invoke(Object(PeopleController), Object(CakeRequest), Object(CakeResponse))
#2 /Users/jamie/Projects/imrg_team/app/webroot/index.php(92): Dispatcher->dispatch(Object(CakeRequest), Object(CakeResponse))
#3 {main}
2012-06-05 14:19:00 Error: [MissingActionException] Action PeopleController::assets() could not be found.
#0 /Users/jamie/Projects/imrg_team/lib/Cake/Routing/Dispatcher.php(103): Controller->invokeAction(Object(CakeRequest))
#1 /Users/jamie/Projects/imrg_team/lib/Cake/Routing/Dispatcher.php(85): Dispatcher->_invoke(Object(PeopleController), Object(CakeRequest), Object(CakeResponse))
#2 /Users/jamie/Projects/imrg_team/app/webroot/index.php(92): Dispatcher->dispatch(Object(CakeRequest), Object(CakeResponse))
#3 {main}
2012-06-05 14:19:20 Error: [MissingControllerException] Controller class AssetsController could not be found.
#0 /Users/jamie/Projects/imrg_team/app/webroot/index.php(92): Dispatcher->dispatch(Object(CakeRequest), Object(CakeResponse))
#1 {main}
2012-06-05 14:19:33 Error: [MissingControllerException] Controller class AssetsController could not be found.
#0 /Users/jamie/Projects/imrg_team/app/webroot/index.php(92): Dispatcher->dispatch(Object(CakeRequest), Object(CakeResponse))
#1 {main}
2012-06-05 14:19:45 Error: [MissingControllerException] Controller class AssetsController could not be found.
#0 /Users/jamie/Projects/imrg_team/app/webroot/index.php(92): Dispatcher->dispatch(Object(CakeRequest), Object(CakeResponse))
#1 {main}
2012-06-05 14:23:09 Error: [MissingControllerException] Controller class CommiteesController could not be found.
#0 /Users/jamie/Projects/imrg_team/app/webroot/index.php(92): Dispatcher->dispatch(Object(CakeRequest), Object(CakeResponse))
#1 {main}
2012-06-05 14:24:07 Error: [MissingControllerException] Controller class CommiteesController could not be found.
#0 /Users/jamie/Projects/imrg_team/app/webroot/index.php(92): Dispatcher->dispatch(Object(CakeRequest), Object(CakeResponse))
#1 {main}
2012-06-05 14:25:24 Error: [MissingControllerException] Controller class AssetsController could not be found.
#0 /Users/jamie/Projects/imrg_team/app/webroot/index.php(92): Dispatcher->dispatch(Object(CakeRequest), Object(CakeResponse))
#1 {main}
2012-06-05 14:27:48 Error: [MissingControllerException] Controller class ImgController could not be found.
#0 /Users/jamie/Projects/imrg_team/app/webroot/index.php(92): Dispatcher->dispatch(Object(CakeRequest), Object(CakeResponse))
#1 {main}
2012-06-05 14:29:36 Error: [MissingControllerException] Controller class AssetsController could not be found.
#0 /Users/jamie/Projects/imrg_team/app/webroot/index.php(92): Dispatcher->dispatch(Object(CakeRequest), Object(CakeResponse))
#1 {main}
2012-06-05 14:29:36 Error: [MissingControllerException] Controller class ImgController could not be found.
#0 /Users/jamie/Projects/imrg_team/app/webroot/index.php(92): Dispatcher->dispatch(Object(CakeRequest), Object(CakeResponse))
#1 {main}
2012-06-05 14:29:39 Error: [MissingControllerException] Controller class AssetsController could not be found.
#0 /Users/jamie/Projects/imrg_team/app/webroot/index.php(92): Dispatcher->dispatch(Object(CakeRequest), Object(CakeResponse))
#1 {main}
2012-06-05 14:29:39 Error: [MissingControllerException] Controller class ImgController could not be found.
#0 /Users/jamie/Projects/imrg_team/app/webroot/index.php(92): Dispatcher->dispatch(Object(CakeRequest), Object(CakeResponse))
#1 {main}
2012-06-05 14:30:05 Error: [MissingControllerException] Controller class AssetsController could not be found.
#0 /Users/jamie/Projects/imrg_team/app/webroot/index.php(92): Dispatcher->dispatch(Object(CakeRequest), Object(CakeResponse))
#1 {main}
2012-06-05 14:30:06 Error: [MissingControllerException] Controller class ImgController could not be found.
#0 /Users/jamie/Projects/imrg_team/app/webroot/index.php(92): Dispatcher->dispatch(Object(CakeRequest), Object(CakeResponse))
#1 {main}
2012-06-05 14:32:13 Error: [MissingControllerException] Controller class AssetsController could not be found.
#0 /Users/jamie/Projects/imrg_team/app/webroot/index.php(92): Dispatcher->dispatch(Object(CakeRequest), Object(CakeResponse))
#1 {main}
2012-06-05 14:32:13 Error: [MissingControllerException] Controller class ImgController could not be found.
#0 /Users/jamie/Projects/imrg_team/app/webroot/index.php(92): Dispatcher->dispatch(Object(CakeRequest), Object(CakeResponse))
#1 {main}
2012-06-05 14:32:18 Error: [MissingControllerException] Controller class AssetsController could not be found.
#0 /Users/jamie/Projects/imrg_team/app/webroot/index.php(92): Dispatcher->dispatch(Object(CakeRequest), Object(CakeResponse))
#1 {main}
2012-06-05 14:32:18 Error: [MissingControllerException] Controller class ImgController could not be found.
#0 /Users/jamie/Projects/imrg_team/app/webroot/index.php(92): Dispatcher->dispatch(Object(CakeRequest), Object(CakeResponse))
#1 {main}
2012-06-05 14:32:21 Error: [MissingControllerException] Controller class ImgController could not be found.
#0 /Users/jamie/Projects/imrg_team/app/webroot/index.php(92): Dispatcher->dispatch(Object(CakeRequest), Object(CakeResponse))
#1 {main}
2012-06-05 14:48:45 Error: [MissingActionException] Action CommitteesController::assets() could not be found.
#0 /Users/jamie/Projects/imrg_team/lib/Cake/Routing/Dispatcher.php(103): Controller->invokeAction(Object(CakeRequest))
#1 /Users/jamie/Projects/imrg_team/lib/Cake/Routing/Dispatcher.php(85): Dispatcher->_invoke(Object(CommitteesController), Object(CakeRequest), Object(CakeResponse))
#2 /Users/jamie/Projects/imrg_team/app/webroot/index.php(92): Dispatcher->dispatch(Object(CakeRequest), Object(CakeResponse))
#3 {main}
2012-06-05 14:48:45 Error: [MissingActionException] Action CommitteesController::assets() could not be found.
#0 /Users/jamie/Projects/imrg_team/lib/Cake/Routing/Dispatcher.php(103): Controller->invokeAction(Object(CakeRequest))
#1 /Users/jamie/Projects/imrg_team/lib/Cake/Routing/Dispatcher.php(85): Dispatcher->_invoke(Object(CommitteesController), Object(CakeRequest), Object(CakeResponse))
#2 /Users/jamie/Projects/imrg_team/app/webroot/index.php(92): Dispatcher->dispatch(Object(CakeRequest), Object(CakeResponse))
#3 {main}
2012-06-05 14:48:45 Error: [MissingActionException] Action CommitteesController::assets() could not be found.
#0 /Users/jamie/Projects/imrg_team/lib/Cake/Routing/Dispatcher.php(103): Controller->invokeAction(Object(CakeRequest))
#1 /Users/jamie/Projects/imrg_team/lib/Cake/Routing/Dispatcher.php(85): Dispatcher->_invoke(Object(CommitteesController), Object(CakeRequest), Object(CakeResponse))
#2 /Users/jamie/Projects/imrg_team/app/webroot/index.php(92): Dispatcher->dispatch(Object(CakeRequest), Object(CakeResponse))
#3 {main}
2012-06-05 15:09:45 Error: [MissingControllerException] Controller class AssetsController could not be found.
#0 /Users/jamie/Projects/imrg_team/app/webroot/index.php(92): Dispatcher->dispatch(Object(CakeRequest), Object(CakeResponse))
#1 {main}
2012-06-05 15:14:10 Error: [MissingControllerException] Controller class AssetsController could not be found.
#0 /Users/jamie/Projects/imrg_team/app/webroot/index.php(92): Dispatcher->dispatch(Object(CakeRequest), Object(CakeResponse))
#1 {main}
2012-06-05 15:14:33 Error: [MissingControllerException] Controller class AssetsController could not be found.
#0 /Users/jamie/Projects/imrg_team/app/webroot/index.php(92): Dispatcher->dispatch(Object(CakeRequest), Object(CakeResponse))
#1 {main}
2012-06-05 15:15:17 Error: [MissingControllerException] Controller class AssetsController could not be found.
#0 /Users/jamie/Projects/imrg_team/app/webroot/index.php(92): Dispatcher->dispatch(Object(CakeRequest), Object(CakeResponse))
#1 {main}
2012-06-05 15:15:49 Error: [MissingControllerException] Controller class AssetsController could not be found.
#0 /Users/jamie/Projects/imrg_team/app/webroot/index.php(92): Dispatcher->dispatch(Object(CakeRequest), Object(CakeResponse))
#1 {main}
2012-06-06 12:32:42 Error: [MissingActionException] Action PeopleController::assets() could not be found.
#0 /Users/jamie/Projects/imrg_team/lib/Cake/Routing/Dispatcher.php(103): Controller->invokeAction(Object(CakeRequest))
#1 /Users/jamie/Projects/imrg_team/lib/Cake/Routing/Dispatcher.php(85): Dispatcher->_invoke(Object(PeopleController), Object(CakeRequest), Object(CakeResponse))
#2 /Users/jamie/Projects/imrg_team/app/webroot/index.php(92): Dispatcher->dispatch(Object(CakeRequest), Object(CakeResponse))
#3 {main}
2012-06-06 12:32:42 Error: [MissingActionException] Action PeopleController::assets() could not be found.
#0 /Users/jamie/Projects/imrg_team/lib/Cake/Routing/Dispatcher.php(103): Controller->invokeAction(Object(CakeRequest))
#1 /Users/jamie/Projects/imrg_team/lib/Cake/Routing/Dispatcher.php(85): Dispatcher->_invoke(Object(PeopleController), Object(CakeRequest), Object(CakeResponse))
#2 /Users/jamie/Projects/imrg_team/app/webroot/index.php(92): Dispatcher->dispatch(Object(CakeRequest), Object(CakeResponse))
#3 {main}
2012-06-06 12:32:43 Error: [MissingActionException] Action PeopleController::assets() could not be found.
#0 /Users/jamie/Projects/imrg_team/lib/Cake/Routing/Dispatcher.php(103): Controller->invokeAction(Object(CakeRequest))
#1 /Users/jamie/Projects/imrg_team/lib/Cake/Routing/Dispatcher.php(85): Dispatcher->_invoke(Object(PeopleController), Object(CakeRequest), Object(CakeResponse))
#2 /Users/jamie/Projects/imrg_team/app/webroot/index.php(92): Dispatcher->dispatch(Object(CakeRequest), Object(CakeResponse))
#3 {main}
2012-06-06 12:32:48 Error: [MissingActionException] Action PeopleController::assets() could not be found.
#0 /Users/jamie/Projects/imrg_team/lib/Cake/Routing/Dispatcher.php(103): Controller->invokeAction(Object(CakeRequest))
#1 /Users/jamie/Projects/imrg_team/lib/Cake/Routing/Dispatcher.php(85): Dispatcher->_invoke(Object(PeopleController), Object(CakeRequest), Object(CakeResponse))
#2 /Users/jamie/Projects/imrg_team/app/webroot/index.php(92): Dispatcher->dispatch(Object(CakeRequest), Object(CakeResponse))
#3 {main}
2012-06-06 12:32:59 Error: [MissingActionException] Action CommitteesController::assets() could not be found.
#0 /Users/jamie/Projects/imrg_team/lib/Cake/Routing/Dispatcher.php(103): Controller->invokeAction(Object(CakeRequest))
#1 /Users/jamie/Projects/imrg_team/lib/Cake/Routing/Dispatcher.php(85): Dispatcher->_invoke(Object(CommitteesController), Object(CakeRequest), Object(CakeResponse))
#2 /Users/jamie/Projects/imrg_team/app/webroot/index.php(92): Dispatcher->dispatch(Object(CakeRequest), Object(CakeResponse))
#3 {main}
2012-06-06 12:32:59 Error: [MissingActionException] Action CommitteesController::assets() could not be found.
#0 /Users/jamie/Projects/imrg_team/lib/Cake/Routing/Dispatcher.php(103): Controller->invokeAction(Object(CakeRequest))
#1 /Users/jamie/Projects/imrg_team/lib/Cake/Routing/Dispatcher.php(85): Dispatcher->_invoke(Object(CommitteesController), Object(CakeRequest), Object(CakeResponse))
#2 /Users/jamie/Projects/imrg_team/app/webroot/index.php(92): Dispatcher->dispatch(Object(CakeRequest), Object(CakeResponse))
#3 {main}
2012-06-06 12:33:00 Error: [MissingActionException] Action CommitteesController::assets() could not be found.
#0 /Users/jamie/Projects/imrg_team/lib/Cake/Routing/Dispatcher.php(103): Controller->invokeAction(Object(CakeRequest))
#1 /Users/jamie/Projects/imrg_team/lib/Cake/Routing/Dispatcher.php(85): Dispatcher->_invoke(Object(CommitteesController), Object(CakeRequest), Object(CakeResponse))
#2 /Users/jamie/Projects/imrg_team/app/webroot/index.php(92): Dispatcher->dispatch(Object(CakeRequest), Object(CakeResponse))
#3 {main}
2012-06-06 12:49:27 Error: [MissingControllerException] Controller class AssetsController could not be found.
#0 /Users/jamie/Projects/imrg_team/app/webroot/index.php(92): Dispatcher->dispatch(Object(CakeRequest), Object(CakeResponse))
#1 {main}
2012-06-06 12:49:27 Error: [MissingControllerException] Controller class AssetsController could not be found.
#0 /Users/jamie/Projects/imrg_team/app/webroot/index.php(92): Dispatcher->dispatch(Object(CakeRequest), Object(CakeResponse))
#1 {main}
2012-08-15 13:24:17 Warning: Warning (2): include_once(/Users/jamie/Dropbox/Projects/imrg_team/app/Config/database.php): failed to open stream: No such file or directory in [/Users/jamie/Dropbox/Projects/imrg_team/lib/Cake/Model/ConnectionManager.php, line 68]
Trace:
ConnectionManager::_init() - CORE/Cake/Model/ConnectionManager.php, line 68
ConnectionManager::_init() - CORE/Cake/Model/ConnectionManager.php, line 68
ConnectionManager::enumConnectionObjects() - CORE/Cake/Model/ConnectionManager.php, line 190
ClassRegistry::init() - CORE/Cake/Utility/ClassRegistry.php, line 110
Controller::loadModel() - CORE/Cake/Controller/Controller.php, line 734
Controller::__isset() - CORE/Cake/Controller/Controller.php, line 366
Controller::__get() - CORE/Cake/Controller/Controller.php, line 404
PeopleController::index() - APP/Controller/PeopleController.php, line 17
ReflectionMethod::invokeArgs() - [internal], line ??
Controller::invokeAction() - CORE/Cake/Controller/Controller.php, line 485
Dispatcher::_invoke() - CORE/Cake/Routing/Dispatcher.php, line 103
Dispatcher::dispatch() - CORE/Cake/Routing/Dispatcher.php, line 85
[main] - APP/webroot/index.php, line 92

2012-08-15 13:24:17 Warning: Warning (2): include_once() [<a href='http://php.net/function.include'>function.include</a>]: Failed opening '/Users/jamie/Dropbox/Projects/imrg_team/app/Config/database.php' for inclusion (include_path='/Users/jamie/Dropbox/Projects/imrg_team/lib:.:/Applications/MAMP/bin/php/php5.4.4/lib/php') in [/Users/jamie/Dropbox/Projects/imrg_team/lib/Cake/Model/ConnectionManager.php, line 68]
Trace:
ConnectionManager::_init() - CORE/Cake/Model/ConnectionManager.php, line 68
ConnectionManager::_init() - CORE/Cake/Model/ConnectionManager.php, line 68
ConnectionManager::enumConnectionObjects() - CORE/Cake/Model/ConnectionManager.php, line 190
ClassRegistry::init() - CORE/Cake/Utility/ClassRegistry.php, line 110
Controller::loadModel() - CORE/Cake/Controller/Controller.php, line 734
Controller::__isset() - CORE/Cake/Controller/Controller.php, line 366
Controller::__get() - CORE/Cake/Controller/Controller.php, line 404
PeopleController::index() - APP/Controller/PeopleController.php, line 17
ReflectionMethod::invokeArgs() - [internal], line ??
Controller::invokeAction() - CORE/Cake/Controller/Controller.php, line 485
Dispatcher::_invoke() - CORE/Cake/Routing/Dispatcher.php, line 103
Dispatcher::dispatch() - CORE/Cake/Routing/Dispatcher.php, line 85
[main] - APP/webroot/index.php, line 92

2012-08-15 13:24:19 Error: [MissingDatasourceConfigException] The datasource configuration "default" was not found in database.php
#0 /Users/jamie/Dropbox/Projects/imrg_team/lib/Cake/Model/ConnectionManager.php(94): ConnectionManager::_getConnectionObject('default')
#1 /Users/jamie/Dropbox/Projects/imrg_team/lib/Cake/Model/Model.php(3417): ConnectionManager::getDataSource('default')
#2 /Users/jamie/Dropbox/Projects/imrg_team/lib/Cake/Model/Model.php(1083): Model->setDataSource('default')
#3 /Users/jamie/Dropbox/Projects/imrg_team/lib/Cake/Model/Model.php(3443): Model->setSource('people')
#4 /Users/jamie/Dropbox/Projects/imrg_team/lib/Cake/Model/Model.php(2698): Model->getDataSource()
#5 /Users/jamie/Dropbox/Projects/imrg_team/lib/Cake/Controller/Component/PaginatorComponent.php(172): Model->find('all', Array)
#6 /Users/jamie/Dropbox/Projects/imrg_team/lib/Cake/Controller/Controller.php(1084): PaginatorComponent->paginate(NULL, Array, Array)
#7 /Users/jamie/Dropbox/Projects/imrg_team/app/Controller/PeopleController.php(18): Controller->paginate()
#8 [internal function]: PeopleController->index()
#9 /Users/jamie/Dropbox/Projects/imrg_team/lib/Cake/Controller/Controller.php(485): ReflectionMethod->invokeArgs(Object(PeopleController), Array)
#10 /Users/jamie/Dropbox/Projects/imrg_team/lib/Cake/Routing/Dispatcher.php(103): Controller->invokeAction(Object(CakeRequest))
#11 /Users/jamie/Dropbox/Projects/imrg_team/lib/Cake/Routing/Dispatcher.php(85): Dispatcher->_invoke(Object(PeopleController), Object(CakeRequest), Object(CakeResponse))
#12 /Users/jamie/Dropbox/Projects/imrg_team/app/webroot/index.php(92): Dispatcher->dispatch(Object(CakeRequest), Object(CakeResponse))
#13 {main}
2012-08-15 13:24:22 Error: [MissingControllerException] Controller class ImgController could not be found.
#0 /Users/jamie/Dropbox/Projects/imrg_team/app/webroot/index.php(92): Dispatcher->dispatch(Object(CakeRequest), Object(CakeResponse))
#1 {main}
2012-08-15 13:24:23 Error: [MissingControllerException] Controller class MobiquoController could not be found.
#0 /Users/jamie/Dropbox/Projects/imrg_team/app/webroot/index.php(92): Dispatcher->dispatch(Object(CakeRequest), Object(CakeResponse))
#1 {main}
2012-08-15 13:30:40 Error: [MissingConnectionException] Database connection "SQLSTATE[28000] [1045] Access denied for user 'imrg'@'localhost' (using password: YES)" is missing, or could not be created.
#0 /Users/jamie/Dropbox/Projects/imrg_team/lib/Cake/Model/Datasource/DboSource.php(245): Mysql->connect()
#1 /Users/jamie/Dropbox/Projects/imrg_team/lib/Cake/Model/ConnectionManager.php(101): DboSource->__construct(Array)
#2 /Users/jamie/Dropbox/Projects/imrg_team/lib/Cake/Model/Model.php(3417): ConnectionManager::getDataSource('default')
#3 /Users/jamie/Dropbox/Projects/imrg_team/lib/Cake/Model/Model.php(1083): Model->setDataSource('default')
#4 /Users/jamie/Dropbox/Projects/imrg_team/lib/Cake/Model/Model.php(3443): Model->setSource('people')
#5 /Users/jamie/Dropbox/Projects/imrg_team/lib/Cake/Model/Model.php(2698): Model->getDataSource()
#6 /Users/jamie/Dropbox/Projects/imrg_team/lib/Cake/Controller/Component/PaginatorComponent.php(172): Model->find('all', Array)
#7 /Users/jamie/Dropbox/Projects/imrg_team/lib/Cake/Controller/Controller.php(1084): PaginatorComponent->paginate(NULL, Array, Array)
#8 /Users/jamie/Dropbox/Projects/imrg_team/app/Controller/PeopleController.php(18): Controller->paginate()
#9 [internal function]: PeopleController->index()
#10 /Users/jamie/Dropbox/Projects/imrg_team/lib/Cake/Controller/Controller.php(485): ReflectionMethod->invokeArgs(Object(PeopleController), Array)
#11 /Users/jamie/Dropbox/Projects/imrg_team/lib/Cake/Routing/Dispatcher.php(103): Controller->invokeAction(Object(CakeRequest))
#12 /Users/jamie/Dropbox/Projects/imrg_team/lib/Cake/Routing/Dispatcher.php(85): Dispatcher->_invoke(Object(PeopleController), Object(CakeRequest), Object(CakeResponse))
#13 /Users/jamie/Dropbox/Projects/imrg_team/app/webroot/index.php(92): Dispatcher->dispatch(Object(CakeRequest), Object(CakeResponse))
#14 {main}
2012-08-15 13:43:17 Error: [MissingConnectionException] Database connection "SQLSTATE[28000] [1045] Access denied for user 'imrg'@'localhost' (using password: YES)" is missing, or could not be created.
#0 /Users/jamie/Dropbox/Projects/imrg_team/lib/Cake/Model/Datasource/DboSource.php(245): Mysql->connect()
#1 /Users/jamie/Dropbox/Projects/imrg_team/lib/Cake/Model/ConnectionManager.php(101): DboSource->__construct(Array)
#2 /Users/jamie/Dropbox/Projects/imrg_team/lib/Cake/Model/Model.php(3417): ConnectionManager::getDataSource('default')
#3 /Users/jamie/Dropbox/Projects/imrg_team/lib/Cake/Model/Model.php(1083): Model->setDataSource('default')
#4 /Users/jamie/Dropbox/Projects/imrg_team/lib/Cake/Model/Model.php(3443): Model->setSource('people')
#5 /Users/jamie/Dropbox/Projects/imrg_team/lib/Cake/Model/Model.php(2698): Model->getDataSource()
#6 /Users/jamie/Dropbox/Projects/imrg_team/lib/Cake/Controller/Component/PaginatorComponent.php(172): Model->find('all', Array)
#7 /Users/jamie/Dropbox/Projects/imrg_team/lib/Cake/Controller/Controller.php(1084): PaginatorComponent->paginate(NULL, Array, Array)
#8 /Users/jamie/Dropbox/Projects/imrg_team/app/Controller/PeopleController.php(18): Controller->paginate()
#9 [internal function]: PeopleController->index()
#10 /Users/jamie/Dropbox/Projects/imrg_team/lib/Cake/Controller/Controller.php(485): ReflectionMethod->invokeArgs(Object(PeopleController), Array)
#11 /Users/jamie/Dropbox/Projects/imrg_team/lib/Cake/Routing/Dispatcher.php(103): Controller->invokeAction(Object(CakeRequest))
#12 /Users/jamie/Dropbox/Projects/imrg_team/lib/Cake/Routing/Dispatcher.php(85): Dispatcher->_invoke(Object(PeopleController), Object(CakeRequest), Object(CakeResponse))
#13 /Users/jamie/Dropbox/Projects/imrg_team/app/webroot/index.php(92): Dispatcher->dispatch(Object(CakeRequest), Object(CakeResponse))
#14 {main}
2012-08-15 14:56:13 Error: [MissingControllerException] Controller class ProductsController could not be found.
#0 /Users/jamie/Dropbox/Projects/imrg_team/app/webroot/index.php(92): Dispatcher->dispatch(Object(CakeRequest), Object(CakeResponse))
#1 {main}
2012-08-15 14:59:42 Error: [MissingViewException] View file "/Users/jamie/Dropbox/Projects/imrg_team/app/View/Products/index.ctp" is missing.
#0 /Users/jamie/Dropbox/Projects/imrg_team/lib/Cake/View/View.php(462): View->_getViewFileName(NULL)
#1 /Users/jamie/Dropbox/Projects/imrg_team/lib/Cake/Controller/Controller.php(959): View->render(NULL, NULL)
#2 /Users/jamie/Dropbox/Projects/imrg_team/lib/Cake/Routing/Dispatcher.php(110): Controller->render()
#3 /Users/jamie/Dropbox/Projects/imrg_team/lib/Cake/Routing/Dispatcher.php(85): Dispatcher->_invoke(Object(ProductsController), Object(CakeRequest), Object(CakeResponse))
#4 /Users/jamie/Dropbox/Projects/imrg_team/app/webroot/index.php(92): Dispatcher->dispatch(Object(CakeRequest), Object(CakeResponse))
#5 {main}
2012-08-15 15:02:38 Error: [MissingControllerException] Controller class AssetsController could not be found.
#0 /Users/jamie/Dropbox/Projects/imrg_team/app/webroot/index.php(92): Dispatcher->dispatch(Object(CakeRequest), Object(CakeResponse))
#1 {main}
2012-08-15 15:05:11 Error: [MissingActionException] Action ProductOptionsController::assets() could not be found.
#0 /Users/jamie/Dropbox/Projects/imrg_team/lib/Cake/Routing/Dispatcher.php(103): Controller->invokeAction(Object(CakeRequest))
#1 /Users/jamie/Dropbox/Projects/imrg_team/lib/Cake/Routing/Dispatcher.php(85): Dispatcher->_invoke(Object(ProductOptionsController), Object(CakeRequest), Object(CakeResponse))
#2 /Users/jamie/Dropbox/Projects/imrg_team/app/webroot/index.php(92): Dispatcher->dispatch(Object(CakeRequest), Object(CakeResponse))
#3 {main}
2012-08-15 15:06:51 Error: [MissingActionException] Action ProductsController::assets() could not be found.
#0 /Users/jamie/Dropbox/Projects/imrg_team/lib/Cake/Routing/Dispatcher.php(103): Controller->invokeAction(Object(CakeRequest))
#1 /Users/jamie/Dropbox/Projects/imrg_team/lib/Cake/Routing/Dispatcher.php(85): Dispatcher->_invoke(Object(ProductsController), Object(CakeRequest), Object(CakeResponse))
#2 /Users/jamie/Dropbox/Projects/imrg_team/app/webroot/index.php(92): Dispatcher->dispatch(Object(CakeRequest), Object(CakeResponse))
#3 {main}
